<?xml version="1.0" encoding="UTF-8"?>
<testsuite name="com.example.accessingdatajpa.AccessingDataJpaApplicationTests" tests="1" skipped="0" failures="0" errors="0" timestamp="2025-09-21T02:57:21.711Z" hostname="JULIAN" time="0.943">
  <properties/>
  <testcase name="contextLoads()" classname="com.example.accessingdatajpa.AccessingDataJpaApplicationTests" time="0.943"/>
  <system-out><![CDATA[21:57:10.222 [Test worker] INFO org.springframework.test.context.support.AnnotationConfigContextLoaderUtils -- Could not detect default configuration classes for test class [com.example.accessingdatajpa.AccessingDataJpaApplicationTests]: AccessingDataJpaApplicationTests does not declare any static, non-private, non-final, nested classes annotated with @Configuration.
21:57:10.557 [Test worker] INFO org.springframework.boot.test.context.SpringBootTestContextBootstrapper -- Found @SpringBootConfiguration com.example.accessingdatajpa.AccessingDataJpaApplication for test class com.example.accessingdatajpa.AccessingDataJpaApplicationTests

  .   ____          _            __ _ _
 /\\ / ___'_ __ _ _(_)_ __  __ _ \ \ \ \
( ( )\___ | '_ | '_| | '_ \/ _` | \ \ \ \
 \\/  ___)| |_)| | | | | || (_| |  ) ) ) )
  '  |____| .__|_| |_|_| |_\__, | / / / /
 =========|_|==============|___/=/_/_/_/

 :: Spring Boot ::                (v3.5.3)

2025-09-20T21:57:12.255-05:00  INFO 24324 --- [    Test worker] c.e.a.AccessingDataJpaApplicationTests   : Starting AccessingDataJpaApplicationTests using Java 23.0.2 with PID 24324 (started by julia in C:\Users\julia\Downloads\TallerJPA\gs-accessing-data-jpa\initial)
2025-09-20T21:57:12.261-05:00  INFO 24324 --- [    Test worker] c.e.a.AccessingDataJpaApplicationTests   : No active profile set, falling back to 1 default profile: "default"
2025-09-20T21:57:13.789-05:00  INFO 24324 --- [    Test worker] .s.d.r.c.RepositoryConfigurationDelegate : Bootstrapping Spring Data JPA repositories in DEFAULT mode.
2025-09-20T21:57:14.151-05:00  INFO 24324 --- [    Test worker] .s.d.r.c.RepositoryConfigurationDelegate : Finished Spring Data repository scanning in 267 ms. Found 1 JPA repository interface.
2025-09-20T21:57:15.385-05:00  INFO 24324 --- [    Test worker] o.hibernate.jpa.internal.util.LogHelper  : HHH000204: Processing PersistenceUnitInfo [name: default]
2025-09-20T21:57:15.623-05:00  INFO 24324 --- [    Test worker] org.hibernate.Version                    : HHH000412: Hibernate ORM core version 6.6.18.Final
2025-09-20T21:57:15.765-05:00  INFO 24324 --- [    Test worker] o.h.c.internal.RegionFactoryInitiator    : HHH000026: Second-level cache disabled
2025-09-20T21:57:16.702-05:00  INFO 24324 --- [    Test worker] o.s.o.j.p.SpringPersistenceUnitInfo      : No LoadTimeWeaver setup: ignoring JPA class transformer
2025-09-20T21:57:16.779-05:00  INFO 24324 --- [    Test worker] com.zaxxer.hikari.HikariDataSource       : HikariPool-1 - Starting...
2025-09-20T21:57:17.226-05:00  INFO 24324 --- [    Test worker] com.zaxxer.hikari.pool.HikariPool        : HikariPool-1 - Added connection conn0: url=jdbc:h2:mem:testdb user=SA
2025-09-20T21:57:17.230-05:00  INFO 24324 --- [    Test worker] com.zaxxer.hikari.HikariDataSource       : HikariPool-1 - Start completed.
2025-09-20T21:57:17.349-05:00  INFO 24324 --- [    Test worker] org.hibernate.orm.connections.pooling    : HHH10001005: Database info:
	Database JDBC URL [Connecting through datasource 'HikariDataSource (HikariPool-1)']
	Database driver: undefined/unknown
	Database version: 2.3.232
	Autocommit mode: undefined/unknown
	Isolation level: undefined/unknown
	Minimum pool size: undefined/unknown
	Maximum pool size: undefined/unknown
Hibernate: create global temporary table HTE_customer(rn_ integer not null, id bigint, first_name varchar(255), last_name varchar(255), primary key (rn_)) TRANSACTIONAL
2025-09-20T21:57:19.466-05:00  INFO 24324 --- [    Test worker] o.h.e.t.j.p.i.JtaPlatformInitiator       : HHH000489: No JTA platform available (set 'hibernate.transaction.jta.platform' to enable JTA platform integration)
Hibernate: drop table if exists customer cascade 
Hibernate: drop sequence if exists customer_seq
Hibernate: create sequence customer_seq start with 1 increment by 50
Hibernate: create table customer (id bigint not null, first_name varchar(255), last_name varchar(255), primary key (id))
2025-09-20T21:57:19.550-05:00  INFO 24324 --- [    Test worker] j.LocalContainerEntityManagerFactoryBean : Initialized JPA EntityManagerFactory for persistence unit 'default'
2025-09-20T21:57:20.910-05:00  INFO 24324 --- [    Test worker] c.e.a.AccessingDataJpaApplicationTests   : Started AccessingDataJpaApplicationTests in 9.692 seconds (process running for 13.455)
Hibernate: select next value for customer_seq
Hibernate: insert into customer (first_name,last_name,id) values (?,?,?)
Hibernate: select next value for customer_seq
Hibernate: insert into customer (first_name,last_name,id) values (?,?,?)
Hibernate: insert into customer (first_name,last_name,id) values (?,?,?)
Hibernate: insert into customer (first_name,last_name,id) values (?,?,?)
Hibernate: insert into customer (first_name,last_name,id) values (?,?,?)
2025-09-20T21:57:21.195-05:00  INFO 24324 --- [    Test worker] c.e.a.AccessingDataJpaApplication        : Customers found with findAll():
2025-09-20T21:57:21.195-05:00  INFO 24324 --- [    Test worker] c.e.a.AccessingDataJpaApplication        : -------------------------------
Hibernate: select c1_0.id,c1_0.first_name,c1_0.last_name from customer c1_0
2025-09-20T21:57:21.461-05:00  INFO 24324 --- [    Test worker] c.e.a.AccessingDataJpaApplication        : Customer[id=1, firstName='Jack', lastName='Bauer']
2025-09-20T21:57:21.463-05:00  INFO 24324 --- [    Test worker] c.e.a.AccessingDataJpaApplication        : Customer[id=2, firstName='Chloe', lastName='O'Brian']
2025-09-20T21:57:21.463-05:00  INFO 24324 --- [    Test worker] c.e.a.AccessingDataJpaApplication        : Customer[id=3, firstName='Kim', lastName='Bauer']
2025-09-20T21:57:21.463-05:00  INFO 24324 --- [    Test worker] c.e.a.AccessingDataJpaApplication        : Customer[id=4, firstName='David', lastName='Palmer']
2025-09-20T21:57:21.463-05:00  INFO 24324 --- [    Test worker] c.e.a.AccessingDataJpaApplication        : Customer[id=5, firstName='Michelle', lastName='Dessler']
2025-09-20T21:57:21.463-05:00  INFO 24324 --- [    Test worker] c.e.a.AccessingDataJpaApplication        : 
Hibernate: select c1_0.id,c1_0.first_name,c1_0.last_name from customer c1_0 where c1_0.id=?
2025-09-20T21:57:21.488-05:00  INFO 24324 --- [    Test worker] c.e.a.AccessingDataJpaApplication        : Customer found with findById(1L):
2025-09-20T21:57:21.488-05:00  INFO 24324 --- [    Test worker] c.e.a.AccessingDataJpaApplication        : --------------------------------
2025-09-20T21:57:21.488-05:00  INFO 24324 --- [    Test worker] c.e.a.AccessingDataJpaApplication        : Customer[id=1, firstName='Jack', lastName='Bauer']
2025-09-20T21:57:21.488-05:00  INFO 24324 --- [    Test worker] c.e.a.AccessingDataJpaApplication        : 
2025-09-20T21:57:21.488-05:00  INFO 24324 --- [    Test worker] c.e.a.AccessingDataJpaApplication        : Customer found with findByLastName('Bauer'):
2025-09-20T21:57:21.488-05:00  INFO 24324 --- [    Test worker] c.e.a.AccessingDataJpaApplication        : --------------------------------------------
Hibernate: select c1_0.id,c1_0.first_name,c1_0.last_name from customer c1_0 where c1_0.last_name=?
2025-09-20T21:57:21.697-05:00  INFO 24324 --- [    Test worker] c.e.a.AccessingDataJpaApplication        : Customer[id=1, firstName='Jack', lastName='Bauer']
2025-09-20T21:57:21.697-05:00  INFO 24324 --- [    Test worker] c.e.a.AccessingDataJpaApplication        : Customer[id=3, firstName='Kim', lastName='Bauer']
2025-09-20T21:57:21.697-05:00  INFO 24324 --- [    Test worker] c.e.a.AccessingDataJpaApplication        : 
]]></system-out>
  <system-err><![CDATA[Mockito is currently self-attaching to enable the inline-mock-maker. This will no longer work in future releases of the JDK. Please add Mockito as an agent to your build as described in Mockito's documentation: https://javadoc.io/doc/org.mockito/mockito-core/latest/org.mockito/org/mockito/Mockito.html#0.3
WARNING: A Java agent has been loaded dynamically (C:\Users\julia\.gradle\caches\modules-2\files-2.1\net.bytebuddy\byte-buddy-agent\1.17.6\17b32fd9f57deef02842f7f05abc4ad8127fe34e\byte-buddy-agent-1.17.6.jar)
WARNING: If a serviceability tool is in use, please run with -XX:+EnableDynamicAgentLoading to hide this warning
WARNING: If a serviceability tool is not in use, please run with -Djdk.instrument.traceUsage for more information
WARNING: Dynamic loading of agents will be disallowed by default in a future release
]]></system-err>
</testsuite>
